<?xml version="1.0" encoding="UTF-8" ?>
<testsuite tests="1" failures="0" name="com.calcdemo.AppTest" time="0" errors="0" skipped="0">
  <properties>
    <property name="java.runtime.name" value="Java(TM) SE Runtime Environment"/>
    <property name="sun.boot.library.path" value="C:\Program Files\JAVA\sapjvm_8\jre\bin"/>
    <property name="java.vm.version" value="8.1.095 11.0.20+000"/>
    <property name="com.sap.vm.compressedoops" value="true"/>
    <property name="java.vm.vendor" value="SAP AG"/>
    <property name="maven.multiModuleProjectDirectory" value="C:\Users\s.cx.chakraborty\OneDrive - Accenture\My Documents\Devops_IITK_Learning\CI_CD\VSProject_CICD"/>
    <property name="java.vendor.url" value="http://www.sap.com/"/>
    <property name="path.separator" value=";"/>
    <property name="guice.disable.misplaced.annotation.check" value="true"/>
    <property name="java.vm.name" value="SAP Java Server VM"/>
    <property name="file.encoding.pkg" value="sun.io"/>
    <property name="user.script" value=""/>
    <property name="user.country" value="IN"/>
    <property name="sun.java.launcher" value="SAP_STANDARD"/>
    <property name="sun.os.patch.level" value=""/>
    <property name="java.vm.compressedOopsMode" value="32-bit"/>
    <property name="java.vm.specification.name" value="Java Virtual Machine Specification"/>
    <property name="user.dir" value="C:\Users\s.cx.chakraborty\OneDrive - Accenture\My Documents\Devops_IITK_Learning\CI_CD\VSProject_CICD"/>
    <property name="com.sap.vm.codeline" value="81_REL"/>
    <property name="java.runtime.version" value="8.1.095"/>
    <property name="java.awt.graphicsenv" value="sun.awt.Win32GraphicsEnvironment"/>
    <property name="java.endorsed.dirs" value="C:\Program Files\JAVA\sapjvm_8\jre\lib\endorsed"/>
    <property name="os.arch" value="amd64"/>
    <property name="java.io.tmpdir" value="C:\Users\SCX~1.CHA\AppData\Local\Temp\"/>
    <property name="line.separator" value="
"/>
    <property name="java.vm.specification.vendor" value="Oracle Corporation"/>
    <property name="user.variant" value=""/>
    <property name="os.name" value="Windows 11"/>
    <property name="com.sap.vm.type" value="opt"/>
    <property name="classworlds.conf" value="C:\Users\s.cx.chakraborty\.m2\wrapper\dists\apache-maven-3.6.3-bin\1iopthnavndlasol9gbrbg6bf2\apache-maven-3.6.3\bin\..\bin\m2.conf"/>
    <property name="sun.jnu.encoding" value="Cp1252"/>
    <property name="java.library.path" value="C:\Program Files\JAVA\sapjvm_8\bin;C:\windows\Sun\Java\bin;C:\windows\system32;C:\windows;C:\windows\system32;C:\windows;C:\windows\System32\Wbem;C:\windows\System32\WindowsPowerShell\v1.0\;C:\windows\System32\OpenSSH\;C:\Program Files (x86)\Pulse Secure\VC142.CRT\X64\;C:\Program Files (x86)\Pulse Secure\VC142.CRT\X86\;C:\Program Files\Git\cmd;C:\Users\s.cx.chakraborty\AppData\Local\Programs\Python\Python312\Scripts\;C:\Users\s.cx.chakraborty\AppData\Local\Programs\Python\Python312\;C:\Users\s.cx.chakraborty\AppData\Local\Programs\Python\Launcher\;C:\Users\s.cx.chakraborty\AppData\Local\Microsoft\WindowsApps;C:\Users\s.cx.chakraborty\btp.exe;C:\Program Files\JAVA\sapjvm_8\bin;C:\Users\s.cx.chakraborty\AppData\Local\Programs\Microsoft VS Code\bin;c:\Users\s.cx.chakraborty\.vscode\extensions\ms-python.debugpy-2025.8.0-win32-x64\bundled\scripts\noConfigScripts;."/>
    <property name="maven.conf" value="C:\Users\s.cx.chakraborty\.m2\wrapper\dists\apache-maven-3.6.3-bin\1iopthnavndlasol9gbrbg6bf2\apache-maven-3.6.3\bin\../conf"/>
    <property name="jdk.debug" value="release"/>
    <property name="java.class.version" value="52.0"/>
    <property name="java.specification.name" value="Java Platform API Specification"/>
    <property name="com.sap.vm.version" value="10"/>
    <property name="sun.management.compiler" value="HotSpot 64-Bit Tiered Compilers"/>
    <property name="os.version" value="10.0"/>
    <property name="library.jansi.path" value="C:\Users\s.cx.chakraborty\.m2\wrapper\dists\apache-maven-3.6.3-bin\1iopthnavndlasol9gbrbg6bf2\apache-maven-3.6.3\bin\..\lib\jansi-native"/>
    <property name="user.home" value="C:\Users\s.cx.chakraborty"/>
    <property name="user.timezone" value="Asia/Calcutta"/>
    <property name="java.awt.printerjob" value="sun.awt.windows.WPrinterJob"/>
    <property name="java.specification.version" value="1.8"/>
    <property name="file.encoding" value="Cp1252"/>
    <property name="jdk.boot.class.path.append" value=""/>
    <property name="user.name" value="s.cx.chakraborty"/>
    <property name="java.class.path" value="C:\Users\s.cx.chakraborty\.m2\wrapper\dists\apache-maven-3.6.3-bin\1iopthnavndlasol9gbrbg6bf2\apache-maven-3.6.3\bin\..\boot\plexus-classworlds-2.6.0.jar"/>
    <property name="java.vm.specification.version" value="1.8"/>
    <property name="sun.arch.data.model" value="64"/>
    <property name="java.home" value="C:\Program Files\JAVA\sapjvm_8\jre"/>
    <property name="java.specification.vendor" value="Oracle Corporation"/>
    <property name="user.language" value="en"/>
    <property name="com.sap.vm.endofplatformsupport" value=""/>
    <property name="awt.toolkit" value="sun.awt.windows.WToolkit"/>
    <property name="java.vm.info" value="Jul 17 2023 15:28:24 - 81_REL - optU - windows amd64 - 6 - bas2:338195 (mixed mode)"/>
    <property name="java.version" value="1.8.0_381"/>
    <property name="java.ext.dirs" value="C:\Program Files\JAVA\sapjvm_8\jre\lib\ext-sap;C:\Program Files\JAVA\sapjvm_8\jre\lib\ext;C:\windows\Sun\Java\lib\ext"/>
    <property name="sun.boot.class.path" value="C:\Program Files\JAVA\sapjvm_8\jre\lib\resources.jar;C:\Program Files\JAVA\sapjvm_8\jre\lib\rt.jar;C:\Program Files\JAVA\sapjvm_8\jre\lib\sunrsasign.jar;C:\Program Files\JAVA\sapjvm_8\jre\lib\jsse.jar;C:\Program Files\JAVA\sapjvm_8\jre\lib\jce.jar;C:\Program Files\JAVA\sapjvm_8\jre\lib\charsets.jar;C:\Program Files\JAVA\sapjvm_8\jre\lib\jfr.jar;C:\Program Files\JAVA\sapjvm_8\jre\classes"/>
    <property name="sun.stderr.encoding" value="cp437"/>
    <property name="java.vendor" value="SAP AG"/>
    <property name="java.specification.maintenance.version" value="5"/>
    <property name="maven.home" value="C:\Users\s.cx.chakraborty\.m2\wrapper\dists\apache-maven-3.6.3-bin\1iopthnavndlasol9gbrbg6bf2\apache-maven-3.6.3\bin\.."/>
    <property name="file.separator" value="\"/>
    <property name="java.vendor.url.bug" value="https://support.sap.com"/>
    <property name="sun.cpu.endian" value="little"/>
    <property name="sun.io.unicode.encoding" value="UnicodeLittle"/>
    <property name="sun.stdout.encoding" value="cp437"/>
    <property name="com.sap.vm.profilingserver" value="true"/>
    <property name="sun.desktop" value="windows"/>
    <property name="sun.cpu.isalist" value="amd64"/>
  </properties>
  <testcase classname="com.calcdemo.AppTest" name="testApp" time="0"/>
</testsuite>